2015-01-16 16:48:28.711 creatorTest[3956:5332518] DiskCookieStorage changing policy from 2 to 0, cookie file: file:///Users/Macsimus/Library/Developer/CoreSimulator/Devices/12A2A524-841F-4610-88D3-CD62B7FDC91E/data/Containers/Data/Application/11321CA5-50FF-485C-9391-B9B236E49F1D/Library/Cookies/Cookies.binarycookies
2015-01-16 16:48:29.587 creatorTest[3956:5332518] Apache Cordova native platform version 3.7.0 is starting.
2015-01-16 16:48:29.588 creatorTest[3956:5332518] Multi-tasking -> Device: YES, App: YES
2015-01-16 16:48:29.615 creatorTest[3956:5332518] Unlimited access to network resources
2015-01-16 16:48:30.113 creatorTest[3956:5332518] [CDVTimer][keyboard] 0.075996ms
2015-01-16 16:48:30.113 creatorTest[3956:5332518] [CDVTimer][TotalPluginStartup] 0.706971ms
2015-01-16 16:48:31.270 creatorTest[3956:5332518] Resetting plugins due to page load.
2015-01-16 16:48:31.838 creatorTest[3956:5332518] Finished load of: file:///Users/Macsimus/Library/Developer/CoreSimulator/Devices/12A2A524-841F-4610-88D3-CD62B7FDC91E/data/Containers/Bundle/Application/0F6C1D65-1A8F-42A8-9446-4FF08EC6222D/creatorTest.app/www/index.html#/login
2015-01-16 18:22:34.843 creatorTest[4364:5351604] DiskCookieStorage changing policy from 2 to 0, cookie file: file:///Users/Macsimus/Library/Developer/CoreSimulator/Devices/12A2A524-841F-4610-88D3-CD62B7FDC91E/data/Containers/Data/Application/0823F65F-ACF0-41FF-A494-DC4C712C6F33/Library/Cookies/Cookies.binarycookies
2015-01-16 18:22:35.618 creatorTest[4364:5351604] Apache Cordova native platform version 3.7.0 is starting.
2015-01-16 18:22:35.619 creatorTest[4364:5351604] Multi-tasking -> Device: YES, App: YES
2015-01-16 18:22:35.646 creatorTest[4364:5351604] Unlimited access to network resources
2015-01-16 18:22:36.312 creatorTest[4364:5351604] [CDVTimer][keyboard] 0.069976ms
2015-01-16 18:22:36.312 creatorTest[4364:5351604] [CDVTimer][TotalPluginStartup] 0.674009ms
2015-01-16 18:22:36.761 creatorTest[4364:5351604] Resetting plugins due to page load.
2015-01-16 18:22:37.271 creatorTest[4364:5351604] Finished load of: file:///Users/Macsimus/Library/Developer/CoreSimulator/Devices/12A2A524-841F-4610-88D3-CD62B7FDC91E/data/Containers/Bundle/Application/4A25AAA8-0770-4D68-AC2C-ED3E6FD929E9/creatorTest.app/www/index.html#/login
2015-01-20 14:22:07.128 creatorTest[2338:65499] DiskCookieStorage changing policy from 2 to 0, cookie file: file:///Users/Macsimus/Library/Developer/CoreSimulator/Devices/12A2A524-841F-4610-88D3-CD62B7FDC91E/data/Containers/Data/Application/CC0B4B48-61F5-4223-8283-D767A4A96CFF/Library/Cookies/Cookies.binarycookies
2015-01-20 14:22:07.491 creatorTest[2338:65499] Apache Cordova native platform version 3.7.0 is starting.
2015-01-20 14:22:07.491 creatorTest[2338:65499] Multi-tasking -> Device: YES, App: YES
2015-01-20 14:22:07.518 creatorTest[2338:65499] Unlimited access to network resources
2015-01-20 14:22:08.169 creatorTest[2338:65499] [CDVTimer][keyboard] 0.127971ms
2015-01-20 14:22:08.169 creatorTest[2338:65499] [CDVTimer][TotalPluginStartup] 0.487983ms
2015-01-20 14:22:08.578 creatorTest[2338:65499] Resetting plugins due to page load.
2015-01-20 14:22:09.102 creatorTest[2338:65499] Finished load of: file:///Users/Macsimus/Library/Developer/CoreSimulator/Devices/12A2A524-841F-4610-88D3-CD62B7FDC91E/data/Containers/Bundle/Application/79CB38E9-2ACF-4A71-B5FB-DD11257AED3D/creatorTest.app/www/index.html#/login
2015-01-22 11:13:49.340 creatorTest[6800:298000] DiskCookieStorage changing policy from 2 to 0, cookie file: file:///Users/Macsimus/Library/Developer/CoreSimulator/Devices/12A2A524-841F-4610-88D3-CD62B7FDC91E/data/Containers/Data/Application/A8274638-BC95-4C71-BFE4-1AF3D428E9C0/Library/Cookies/Cookies.binarycookies
2015-01-22 11:13:50.045 creatorTest[6800:298000] Apache Cordova native platform version 3.7.0 is starting.
2015-01-22 11:13:50.045 creatorTest[6800:298000] Multi-tasking -> Device: YES, App: YES
2015-01-22 11:13:50.077 creatorTest[6800:298000] Unlimited access to network resources
2015-01-22 11:13:50.719 creatorTest[6800:298000] [CDVTimer][keyboard] 0.071049ms
2015-01-22 11:13:50.720 creatorTest[6800:298000] [CDVTimer][TotalPluginStartup] 0.276983ms
2015-01-22 11:13:51.114 creatorTest[6800:298000] Resetting plugins due to page load.
2015-01-22 11:13:51.624 creatorTest[6800:298000] Finished load of: file:///Users/Macsimus/Library/Developer/CoreSimulator/Devices/12A2A524-841F-4610-88D3-CD62B7FDC91E/data/Containers/Bundle/Application/D6CB0296-D1A9-4894-B508-202D53C16AB1/creatorTest.app/www/index.html#/main
2015-01-22 16:23:37.146 creatorTest[9531:426275] DiskCookieStorage changing policy from 2 to 0, cookie file: file:///Users/Macsimus/Library/Developer/CoreSimulator/Devices/12A2A524-841F-4610-88D3-CD62B7FDC91E/data/Containers/Data/Application/5A66C6A0-BAAA-43CF-9459-54118268B363/Library/Cookies/Cookies.binarycookies
2015-01-22 16:23:37.880 creatorTest[9531:426275] Apache Cordova native platform version 3.7.0 is starting.
2015-01-22 16:23:37.880 creatorTest[9531:426275] Multi-tasking -> Device: YES, App: YES
2015-01-22 16:23:37.903 creatorTest[9531:426275] Unlimited access to network resources
2015-01-22 16:23:38.564 creatorTest[9531:426275] [CDVTimer][keyboard] 0.086010ms
2015-01-22 16:23:38.564 creatorTest[9531:426275] [CDVTimer][TotalPluginStartup] 0.642002ms
2015-01-22 16:23:38.960 creatorTest[9531:426275] Resetting plugins due to page load.
2015-01-22 16:23:39.553 creatorTest[9531:426275] Finished load of: file:///Users/Macsimus/Library/Developer/CoreSimulator/Devices/12A2A524-841F-4610-88D3-CD62B7FDC91E/data/Containers/Bundle/Application/61F8FE7C-4002-4023-9273-8A4F3F4D6149/creatorTest.app/www/index.html#/login
2015-01-23 10:22:57.114 creatorTest[9531:440954] Terminating since there is no system app.
2015-01-23 10:24:03.513 creatorTest[10017:442520] DiskCookieStorage changing policy from 2 to 0, cookie file: file:///Users/Macsimus/Library/Developer/CoreSimulator/Devices/12A2A524-841F-4610-88D3-CD62B7FDC91E/data/Containers/Data/Application/5BDCBC0C-B1C5-4DEE-B7E9-D4D339EB4F55/Library/Cookies/Cookies.binarycookies
2015-01-23 10:24:03.952 creatorTest[10017:442520] Apache Cordova native platform version 3.7.0 is starting.
2015-01-23 10:24:03.953 creatorTest[10017:442520] Multi-tasking -> Device: YES, App: YES
2015-01-23 10:24:03.983 creatorTest[10017:442520] Unlimited access to network resources
2015-01-23 10:24:04.707 creatorTest[10017:442520] [CDVTimer][keyboard] 0.124991ms
2015-01-23 10:24:04.707 creatorTest[10017:442520] [CDVTimer][TotalPluginStartup] 0.468969ms
2015-01-23 10:24:05.130 creatorTest[10017:442520] Resetting plugins due to page load.
2015-01-23 10:24:05.805 creatorTest[10017:442520] Finished load of: file:///Users/Macsimus/Library/Developer/CoreSimulator/Devices/12A2A524-841F-4610-88D3-CD62B7FDC91E/data/Containers/Bundle/Application/FAEA8BC2-615D-4DCF-B851-6D770B206A47/creatorTest.app/www/index.html#/login
2015-01-26 13:51:26.670 creatorTest[13214:661705] DiskCookieStorage changing policy from 2 to 0, cookie file: file:///Users/Macsimus/Library/Developer/CoreSimulator/Devices/12A2A524-841F-4610-88D3-CD62B7FDC91E/data/Containers/Data/Application/DC9B9D4D-FBA5-40E4-9EA6-A996DB4821B0/Library/Cookies/Cookies.binarycookies
2015-01-26 13:51:27.502 creatorTest[13214:661705] Apache Cordova native platform version 3.7.0 is starting.
2015-01-26 13:51:27.503 creatorTest[13214:661705] Multi-tasking -> Device: YES, App: YES
2015-01-26 13:51:27.522 creatorTest[13214:661705] Unlimited access to network resources
2015-01-26 13:51:28.161 creatorTest[13214:661705] [CDVTimer][keyboard] 0.143051ms
2015-01-26 13:51:28.162 creatorTest[13214:661705] [CDVTimer][TotalPluginStartup] 1.212001ms
2015-01-26 13:51:28.671 creatorTest[13214:661705] Resetting plugins due to page load.
2015-01-26 13:51:29.708 creatorTest[13214:661705] Finished load of: file:///Users/Macsimus/Library/Developer/CoreSimulator/Devices/12A2A524-841F-4610-88D3-CD62B7FDC91E/data/Containers/Bundle/Application/D5213640-BEB4-4442-8E5F-C50FC1653609/creatorTest.app/www/index.html#/login
2015-01-27 15:48:51.502 creatorTest[19391:854793] DiskCookieStorage changing policy from 2 to 0, cookie file: file:///Users/Macsimus/Library/Developer/CoreSimulator/Devices/12A2A524-841F-4610-88D3-CD62B7FDC91E/data/Containers/Data/Application/F2371263-2504-409E-9C56-B74D52EAF67C/Library/Cookies/Cookies.binarycookies
2015-01-27 15:48:51.974 creatorTest[19391:854793] Apache Cordova native platform version 3.7.0 is starting.
2015-01-27 15:48:51.975 creatorTest[19391:854793] Multi-tasking -> Device: YES, App: YES
2015-01-27 15:48:52.010 creatorTest[19391:854793] Unlimited access to network resources
2015-01-27 15:48:52.707 creatorTest[19391:854793] [CDVTimer][keyboard] 0.088990ms
2015-01-27 15:48:52.707 creatorTest[19391:854793] [CDVTimer][TotalPluginStartup] 0.338972ms
2015-01-27 15:48:53.200 creatorTest[19391:854793] Resetting plugins due to page load.
2015-01-27 15:48:54.164 creatorTest[19391:854793] Finished load of: file:///Users/Macsimus/Library/Developer/CoreSimulator/Devices/12A2A524-841F-4610-88D3-CD62B7FDC91E/data/Containers/Bundle/Application/4193E6CD-9CE7-4415-A788-574C4B1FE41A/creatorTest.app/www/index.html#/login
